2023-05-29 13:54:43,828 - INFO - 1 hrz, 
2023-05-29 13:54:44,951 - INFO - 1 hrz, 
2023-05-29 13:54:46,016 - INFO - 1 hrz, 
2023-05-29 13:54:47,110 - INFO - 1 hrz, 
2023-05-29 13:54:48,309 - INFO - 1 hrz, 
2023-05-29 13:54:49,801 - INFO - 1 hrz, 
2023-05-29 13:54:51,051 - INFO - 1 hrz, 
2023-05-29 13:54:52,114 - INFO - 1 hrz, 
2023-05-29 13:54:53,186 - INFO - 1 hrz, 
2023-05-29 13:54:54,311 - INFO - 1 hrz, 
2023-05-29 13:54:55,487 - INFO - 1 hrz, 
2023-05-29 13:54:56,738 - INFO - 1 hrz, 
2023-05-29 13:54:57,958 - INFO - 1 hrz, 
2023-05-29 13:54:59,007 - INFO - 1 hrz, 
2023-05-29 13:55:00,161 - INFO - 1 hrz, 
2023-05-29 13:55:01,371 - INFO - 1 hrz, 
2023-05-29 13:55:02,480 - INFO - 1 hrz, 
2023-05-29 13:55:03,484 - INFO - 1 hrz, 
2023-05-29 13:55:04,576 - INFO - 1 hrz, 
2023-05-29 13:55:05,615 - INFO - 1 hrz, 
2023-05-29 13:55:06,828 - INFO - 1 hrz, 
2023-05-29 13:55:07,827 - INFO - 1 hrz, 
2023-05-29 13:55:08,403 - INFO - nothing
2023-05-29 13:55:08,987 - INFO - nothing
2023-05-29 13:55:10,159 - INFO - 1 hrz, 
2023-05-29 13:55:11,175 - INFO - 1 hrz, 
2023-05-29 13:55:12,427 - INFO - 1 hrz, 
2023-05-29 13:55:13,469 - INFO - 1 hrz, 
2023-05-29 13:55:14,640 - INFO - 1 hrz, 
2023-05-29 13:55:15,674 - INFO - 1 hrz, 
2023-05-29 13:55:16,739 - INFO - 1 hrz, 
2023-05-29 13:55:17,765 - INFO - 1 hrz, 
2023-05-29 13:55:18,903 - INFO - 1 hrz, 
2023-05-29 13:55:19,943 - INFO - 1 hrz, 
2023-05-29 13:55:21,082 - INFO - 1 hrz, 
2023-05-29 13:55:22,098 - INFO - 1 hrz, 
2023-05-29 13:55:23,286 - INFO - 1 hrz, 
2023-05-29 13:55:24,351 - INFO - 1 hrz, 
2023-05-29 13:55:25,466 - INFO - 1 hrz, 
2023-05-29 13:55:26,525 - INFO - 1 hrz, 
2023-05-29 13:55:27,687 - INFO - 1 hrz, 
2023-05-29 13:55:28,746 - INFO - 1 hrz, 
2023-05-29 13:55:29,928 - INFO - 1 hrz, 
2023-05-29 13:55:30,980 - INFO - 1 hrz, 
2023-05-29 13:55:32,171 - INFO - 1 hrz, 
2023-05-29 13:55:33,211 - INFO - 1 hrz, 
2023-05-29 13:55:34,318 - INFO - 1 hrz, 
2023-05-29 13:55:35,375 - INFO - 1 hrz, 
2023-05-29 13:55:36,505 - INFO - 1 hrz, 
2023-05-29 13:55:37,559 - INFO - 1 hrz, 
2023-05-29 13:55:38,832 - INFO - 1 hrz, 1 fire, 
2023-05-29 13:55:39,501 - INFO - 1 fire, 
2023-05-29 13:55:40,227 - INFO - 1 fire, 
2023-05-29 13:55:40,870 - INFO - 1 fire, 
2023-05-29 13:55:41,798 - INFO - 开始录像, 录像保存至: log\log\2023-05-29_13-54-22\2023-05-29_13-55-41.avi
2023-05-29 13:55:42,628 - INFO - 2 fires, 
2023-05-29 13:55:43,395 - INFO - 2 fires, 
2023-05-29 13:55:44,102 - INFO - 4 fires, 
2023-05-29 13:55:44,697 - INFO - 3 fires, 
2023-05-29 13:55:45,335 - INFO - 3 fires, 
2023-05-29 13:55:45,952 - INFO - 5 fires, 
2023-05-29 13:55:46,577 - INFO - 1 fire, 
2023-05-29 13:55:47,684 - INFO - 1 hrz, 
2023-05-29 13:55:48,739 - INFO - 1 hrz, 
2023-05-29 13:55:50,061 - INFO - 1 hrz, 
2023-05-29 13:55:52,113 - INFO - 1 hrz, 
2023-05-29 13:55:53,482 - INFO - 1 hrz, 
2023-05-29 13:55:54,980 - INFO - 1 hrz, 
